# JRE version: OpenJDK Runtime Environment AdoptOpenJDK (11.0.10+9) (build 11.0.10+9)
# Java VM: OpenJDK 64-Bit Server VM AdoptOpenJDK (11.0.10+9, mixed mode, tiered, compressed oops, g1 gc, bsd-amd64)
Heap:
 garbage-first heap   total 315392K, used 29850K [0x0000000700000000, 0x0000000800000000)
  region size 1024K, 26 young (26624K), 1 survivors (1024K)
 Metaspace       used 18461K, capacity 18860K, committed 19200K, reserved 1067008K
  class space    used 1812K, capacity 1984K, committed 2048K, reserved 1048576K
GC Heap History (20 events):
Event: 5.397 GC heap before
{Heap before GC invocations=23 (full 0):
 garbage-first heap   total 315392K, used 192612K [0x0000000700000000, 0x0000000800000000)
  region size 1024K, 184 young (188416K), 1 survivors (1024K)
 Metaspace       used 18358K, capacity 18796K, committed 18944K, reserved 1067008K
  class space    used 1812K, capacity 1984K, committed 2048K, reserved 1048576K
}
Event: 5.398 GC heap after
{Heap after GC invocations=24 (full 0):
 garbage-first heap   total 315392K, used 5291K [0x0000000700000000, 0x0000000800000000)
  region size 1024K, 1 young (1024K), 1 survivors (1024K)
 Metaspace       used 18358K, capacity 18796K, committed 18944K, reserved 1067008K
  class space    used 1812K, capacity 1984K, committed 2048K, reserved 1048576K
}
Event: 5.560 GC heap before
{Heap before GC invocations=24 (full 0):
 garbage-first heap   total 315392K, used 192683K [0x0000000700000000, 0x0000000800000000)
  region size 1024K, 184 young (188416K), 1 survivors (1024K)
 Metaspace       used 18409K, capacity 18796K, committed 18944K, reserved 1067008K
  class space    used 1812K, capacity 1984K, committed 2048K, reserved 1048576K
}
Event: 5.561 GC heap after
{Heap after GC invocations=25 (full 0):
 garbage-first heap   total 315392K, used 5348K [0x0000000700000000, 0x0000000800000000)
  region size 1024K, 1 young (1024K), 1 survivors (1024K)
 Metaspace       used 18409K, capacity 18796K, committed 18944K, reserved 1067008K
  class space    used 1812K, capacity 1984K, committed 2048K, reserved 1048576K
}
Event: 5.586 GC heap before
{Heap before GC invocations=25 (full 0):
 garbage-first heap   total 315392K, used 192740K [0x0000000700000000, 0x0000000800000000)
  region size 1024K, 184 young (188416K), 1 survivors (1024K)
 Metaspace       used 18409K, capacity 18796K, committed 18944K, reserved 1067008K
  class space    used 1812K, capacity 1984K, committed 2048K, reserved 1048576K
}
Event: 5.587 GC heap after
{Heap after GC invocations=26 (full 0):
 garbage-first heap   total 315392K, used 5349K [0x0000000700000000, 0x0000000800000000)
  region size 1024K, 1 young (1024K), 1 survivors (1024K)
 Metaspace       used 18409K, capacity 18796K, committed 18944K, reserved 1067008K
  class space    used 1812K, capacity 1984K, committed 2048K, reserved 1048576K
}
Event: 5.615 GC heap before
{Heap before GC invocations=26 (full 0):
 garbage-first heap   total 315392K, used 192741K [0x0000000700000000, 0x0000000800000000)
  region size 1024K, 184 young (188416K), 1 survivors (1024K)
 Metaspace       used 18409K, capacity 18796K, committed 18944K, reserved 1067008K
  class space    used 1812K, capacity 1984K, committed 2048K, reserved 1048576K
}
Event: 5.616 GC heap after
{Heap after GC invocations=27 (full 0):
 garbage-first heap   total 315392K, used 5369K [0x0000000700000000, 0x0000000800000000)
  region size 1024K, 1 young (1024K), 1 survivors (1024K)
 Metaspace       used 18409K, capacity 18796K, committed 18944K, reserved 1067008K
  class space    used 1812K, capacity 1984K, committed 2048K, reserved 1048576K
}
Event: 5.904 GC heap before
{Heap before GC invocations=27 (full 0):
 garbage-first heap   total 315392K, used 192761K [0x0000000700000000, 0x0000000800000000)
  region size 1024K, 184 young (188416K), 1 survivors (1024K)
 Metaspace       used 18421K, capacity 18860K, committed 19200K, reserved 1067008K
  class space    used 1812K, capacity 1984K, committed 2048K, reserved 1048576K
}
Event: 5.905 GC heap after
{Heap after GC invocations=28 (full 0):
 garbage-first heap   total 315392K, used 5290K [0x0000000700000000, 0x0000000800000000)
  region size 1024K, 1 young (1024K), 1 survivors (1024K)
 Metaspace       used 18421K, capacity 18860K, committed 19200K, reserved 1067008K
  class space    used 1812K, capacity 1984K, committed 2048K, reserved 1048576K
}
Event: 6.066 GC heap before
{Heap before GC invocations=28 (full 0):
 garbage-first heap   total 315392K, used 192682K [0x0000000700000000, 0x0000000800000000)
  region size 1024K, 184 young (188416K), 1 survivors (1024K)
 Metaspace       used 18428K, capacity 18860K, committed 19200K, reserved 1067008K
  class space    used 1812K, capacity 1984K, committed 2048K, reserved 1048576K
}
Event: 6.066 GC heap after
{Heap after GC invocations=29 (full 0):
 garbage-first heap   total 315392K, used 5359K [0x0000000700000000, 0x0000000800000000)
  region size 1024K, 1 young (1024K), 1 survivors (1024K)
 Metaspace       used 18428K, capacity 18860K, committed 19200K, reserved 1067008K
  class space    used 1812K, capacity 1984K, committed 2048K, reserved 1048576K
}
Event: 6.092 GC heap before
{Heap before GC invocations=29 (full 0):
 garbage-first heap   total 315392K, used 192751K [0x0000000700000000, 0x0000000800000000)
  region size 1024K, 184 young (188416K), 1 survivors (1024K)
 Metaspace       used 18428K, capacity 18860K, committed 19200K, reserved 1067008K
  class space    used 1812K, capacity 1984K, committed 2048K, reserved 1048576K
}
Event: 6.092 GC heap after
{Heap after GC invocations=30 (full 0):
 garbage-first heap   total 315392K, used 5382K [0x0000000700000000, 0x0000000800000000)
  region size 1024K, 1 young (1024K), 1 survivors (1024K)
 Metaspace       used 18428K, capacity 18860K, committed 19200K, reserved 1067008K
  class space    used 1812K, capacity 1984K, committed 2048K, reserved 1048576K
}
Event: 6.190 GC heap before
{Heap before GC invocations=30 (full 0):
 garbage-first heap   total 315392K, used 192774K [0x0000000700000000, 0x0000000800000000)
  region size 1024K, 184 young (188416K), 1 survivors (1024K)
 Metaspace       used 18428K, capacity 18860K, committed 19200K, reserved 1067008K
  class space    used 1812K, capacity 1984K, committed 2048K, reserved 1048576K
}
Event: 6.190 GC heap after
{Heap after GC invocations=31 (full 0):
 garbage-first heap   total 315392K, used 5280K [0x0000000700000000, 0x0000000800000000)
  region size 1024K, 1 young (1024K), 1 survivors (1024K)
 Metaspace       used 18428K, capacity 18860K, committed 19200K, reserved 1067008K
  class space    used 1812K, capacity 1984K, committed 2048K, reserved 1048576K
}
Event: 6.339 GC heap before
{Heap before GC invocations=31 (full 0):
 garbage-first heap   total 315392K, used 192672K [0x0000000700000000, 0x0000000800000000)
  region size 1024K, 184 young (188416K), 1 survivors (1024K)
 Metaspace       used 18442K, capacity 18860K, committed 19200K, reserved 1067008K
  class space    used 1812K, capacity 1984K, committed 2048K, reserved 1048576K
}
Event: 6.339 GC heap after
{Heap after GC invocations=32 (full 0):
 garbage-first heap   total 315392K, used 5292K [0x0000000700000000, 0x0000000800000000)
  region size 1024K, 1 young (1024K), 1 survivors (1024K)
 Metaspace       used 18442K, capacity 18860K, committed 19200K, reserved 1067008K
  class space    used 1812K, capacity 1984K, committed 2048K, reserved 1048576K
}
Event: 6.556 GC heap before
{Heap before GC invocations=32 (full 0):
 garbage-first heap   total 315392K, used 192684K [0x0000000700000000, 0x0000000800000000)
  region size 1024K, 184 young (188416K), 1 survivors (1024K)
 Metaspace       used 18460K, capacity 18860K, committed 19200K, reserved 1067008K
  class space    used 1812K, capacity 1984K, committed 2048K, reserved 1048576K
}
Event: 6.557 GC heap after
{Heap after GC invocations=33 (full 0):
 garbage-first heap   total 315392K, used 5274K [0x0000000700000000, 0x0000000800000000)
  region size 1024K, 1 young (1024K), 1 survivors (1024K)
 Metaspace       used 18460K, capacity 18860K, committed 19200K, reserved 1067008K
  class space    used 1812K, capacity 1984K, committed 2048K, reserved 1048576K
}

