# JRE version: OpenJDK Runtime Environment AdoptOpenJDK (11.0.10+9) (build 11.0.10+9)
# Java VM: OpenJDK 64-Bit Server VM AdoptOpenJDK (11.0.10+9, mixed mode, tiered, compressed oops, g1 gc, bsd-amd64)
Heap:
 garbage-first heap   total 262144K, used 26916K [0x0000000700000000, 0x0000000800000000)
  region size 1024K, 24 young (24576K), 2 survivors (2048K)
 Metaspace       used 18730K, capacity 19141K, committed 19456K, reserved 1067008K
  class space    used 1829K, capacity 2008K, committed 2048K, reserved 1048576K
GC Heap History (20 events):
Event: 4.716 GC heap before
{Heap before GC invocations=6 (full 0):
 garbage-first heap   total 262144K, used 157827K [0x0000000700000000, 0x0000000800000000)
  region size 1024K, 153 young (156672K), 4 survivors (4096K)
 Metaspace       used 18571K, capacity 19013K, committed 19200K, reserved 1067008K
  class space    used 1828K, capacity 2008K, committed 2048K, reserved 1048576K
}
Event: 4.719 GC heap after
{Heap after GC invocations=7 (full 0):
 garbage-first heap   total 262144K, used 6398K [0x0000000700000000, 0x0000000800000000)
  region size 1024K, 5 young (5120K), 5 survivors (5120K)
 Metaspace       used 18571K, capacity 19013K, committed 19200K, reserved 1067008K
  class space    used 1828K, capacity 2008K, committed 2048K, reserved 1048576K
}
Event: 4.746 GC heap before
{Heap before GC invocations=7 (full 0):
 garbage-first heap   total 262144K, used 157950K [0x0000000700000000, 0x0000000800000000)
  region size 1024K, 153 young (156672K), 5 survivors (5120K)
 Metaspace       used 18571K, capacity 19013K, committed 19200K, reserved 1067008K
  class space    used 1828K, capacity 2008K, committed 2048K, reserved 1048576K
}
Event: 4.748 GC heap after
{Heap after GC invocations=8 (full 0):
 garbage-first heap   total 262144K, used 6544K [0x0000000700000000, 0x0000000800000000)
  region size 1024K, 5 young (5120K), 5 survivors (5120K)
 Metaspace       used 18571K, capacity 19013K, committed 19200K, reserved 1067008K
  class space    used 1828K, capacity 2008K, committed 2048K, reserved 1048576K
}
Event: 4.768 GC heap before
{Heap before GC invocations=8 (full 0):
 garbage-first heap   total 262144K, used 158096K [0x0000000700000000, 0x0000000800000000)
  region size 1024K, 153 young (156672K), 5 survivors (5120K)
 Metaspace       used 18571K, capacity 19013K, committed 19200K, reserved 1067008K
  class space    used 1828K, capacity 2008K, committed 2048K, reserved 1048576K
}
Event: 4.771 GC heap after
{Heap after GC invocations=9 (full 0):
 garbage-first heap   total 262144K, used 6716K [0x0000000700000000, 0x0000000800000000)
  region size 1024K, 6 young (6144K), 6 survivors (6144K)
 Metaspace       used 18571K, capacity 19013K, committed 19200K, reserved 1067008K
  class space    used 1828K, capacity 2008K, committed 2048K, reserved 1048576K
}
Event: 4.791 GC heap before
{Heap before GC invocations=9 (full 0):
 garbage-first heap   total 262144K, used 157244K [0x0000000700000000, 0x0000000800000000)
  region size 1024K, 153 young (156672K), 6 survivors (6144K)
 Metaspace       used 18571K, capacity 19013K, committed 19200K, reserved 1067008K
  class space    used 1828K, capacity 2008K, committed 2048K, reserved 1048576K
}
Event: 4.794 GC heap after
{Heap after GC invocations=10 (full 0):
 garbage-first heap   total 262144K, used 6308K [0x0000000700000000, 0x0000000800000000)
  region size 1024K, 5 young (5120K), 5 survivors (5120K)
 Metaspace       used 18571K, capacity 19013K, committed 19200K, reserved 1067008K
  class space    used 1828K, capacity 2008K, committed 2048K, reserved 1048576K
}
Event: 5.207 GC heap before
{Heap before GC invocations=10 (full 0):
 garbage-first heap   total 262144K, used 157860K [0x0000000700000000, 0x0000000800000000)
  region size 1024K, 153 young (156672K), 5 survivors (5120K)
 Metaspace       used 18622K, capacity 19077K, committed 19200K, reserved 1067008K
  class space    used 1828K, capacity 2008K, committed 2048K, reserved 1048576K
}
Event: 5.210 GC heap after
{Heap after GC invocations=11 (full 0):
 garbage-first heap   total 262144K, used 5283K [0x0000000700000000, 0x0000000800000000)
  region size 1024K, 4 young (4096K), 4 survivors (4096K)
 Metaspace       used 18622K, capacity 19077K, committed 19200K, reserved 1067008K
  class space    used 1828K, capacity 2008K, committed 2048K, reserved 1048576K
}
Event: 5.441 GC heap before
{Heap before GC invocations=11 (full 0):
 garbage-first heap   total 262144K, used 156835K [0x0000000700000000, 0x0000000800000000)
  region size 1024K, 153 young (156672K), 4 survivors (4096K)
 Metaspace       used 18640K, capacity 19077K, committed 19200K, reserved 1067008K
  class space    used 1828K, capacity 2008K, committed 2048K, reserved 1048576K
}
Event: 5.443 GC heap after
{Heap after GC invocations=12 (full 0):
 garbage-first heap   total 262144K, used 5384K [0x0000000700000000, 0x0000000800000000)
  region size 1024K, 4 young (4096K), 4 survivors (4096K)
 Metaspace       used 18640K, capacity 19077K, committed 19200K, reserved 1067008K
  class space    used 1828K, capacity 2008K, committed 2048K, reserved 1048576K
}
Event: 5.682 GC heap before
{Heap before GC invocations=12 (full 0):
 garbage-first heap   total 262144K, used 157960K [0x0000000700000000, 0x0000000800000000)
  region size 1024K, 153 young (156672K), 4 survivors (4096K)
 Metaspace       used 18695K, capacity 19141K, committed 19456K, reserved 1067008K
  class space    used 1829K, capacity 2008K, committed 2048K, reserved 1048576K
}
Event: 5.685 GC heap after
{Heap after GC invocations=13 (full 0):
 garbage-first heap   total 262144K, used 5186K [0x0000000700000000, 0x0000000800000000)
  region size 1024K, 4 young (4096K), 4 survivors (4096K)
 Metaspace       used 18695K, capacity 19141K, committed 19456K, reserved 1067008K
  class space    used 1829K, capacity 2008K, committed 2048K, reserved 1048576K
}
Event: 6.050 GC heap before
{Heap before GC invocations=13 (full 0):
 garbage-first heap   total 262144K, used 157762K [0x0000000700000000, 0x0000000800000000)
  region size 1024K, 153 young (156672K), 4 survivors (4096K)
 Metaspace       used 18706K, capacity 19141K, committed 19456K, reserved 1067008K
  class space    used 1829K, capacity 2008K, committed 2048K, reserved 1048576K
}
Event: 6.053 GC heap after
{Heap after GC invocations=14 (full 0):
 garbage-first heap   total 262144K, used 5315K [0x0000000700000000, 0x0000000800000000)
  region size 1024K, 4 young (4096K), 4 survivors (4096K)
 Metaspace       used 18706K, capacity 19141K, committed 19456K, reserved 1067008K
  class space    used 1829K, capacity 2008K, committed 2048K, reserved 1048576K
}
Event: 6.147 GC heap before
{Heap before GC invocations=14 (full 0):
 garbage-first heap   total 262144K, used 157891K [0x0000000700000000, 0x0000000800000000)
  region size 1024K, 153 young (156672K), 4 survivors (4096K)
 Metaspace       used 18706K, capacity 19141K, committed 19456K, reserved 1067008K
  class space    used 1829K, capacity 2008K, committed 2048K, reserved 1048576K
}
Event: 6.150 GC heap after
{Heap after GC invocations=15 (full 0):
 garbage-first heap   total 262144K, used 5244K [0x0000000700000000, 0x0000000800000000)
  region size 1024K, 4 young (4096K), 4 survivors (4096K)
 Metaspace       used 18706K, capacity 19141K, committed 19456K, reserved 1067008K
  class space    used 1829K, capacity 2008K, committed 2048K, reserved 1048576K
}
Event: 6.511 GC heap before
{Heap before GC invocations=15 (full 0):
 garbage-first heap   total 262144K, used 157820K [0x0000000700000000, 0x0000000800000000)
  region size 1024K, 153 young (156672K), 4 survivors (4096K)
 Metaspace       used 18728K, capacity 19141K, committed 19456K, reserved 1067008K
  class space    used 1829K, capacity 2008K, committed 2048K, reserved 1048576K
}
Event: 6.514 GC heap after
{Heap after GC invocations=16 (full 0):
 garbage-first heap   total 262144K, used 5412K [0x0000000700000000, 0x0000000800000000)
  region size 1024K, 2 young (2048K), 2 survivors (2048K)
 Metaspace       used 18728K, capacity 19141K, committed 19456K, reserved 1067008K
  class space    used 1829K, capacity 2008K, committed 2048K, reserved 1048576K
}

