# JRE version: OpenJDK Runtime Environment AdoptOpenJDK (11.0.10+9) (build 11.0.10+9)
# Java VM: OpenJDK 64-Bit Server VM AdoptOpenJDK (11.0.10+9, mixed mode, tiered, compressed oops, g1 gc, bsd-amd64)
Heap:
 garbage-first heap   total 262144K, used 79751K [0x0000000700000000, 0x0000000800000000)
  region size 1024K, 79 young (80896K), 6 survivors (6144K)
 Metaspace       used 19040K, capacity 19584K, committed 19840K, reserved 1067008K
  class space    used 1887K, capacity 2109K, committed 2176K, reserved 1048576K
GC Heap History (10 events):
Event: 7.434 GC heap before
{Heap before GC invocations=0 (full 0):
 garbage-first heap   total 262144K, used 24576K [0x0000000700000000, 0x0000000800000000)
  region size 1024K, 24 young (24576K), 0 survivors (0K)
 Metaspace       used 9143K, capacity 9365K, committed 9600K, reserved 1058816K
  class space    used 808K, capacity 889K, committed 896K, reserved 1048576K
}
Event: 7.437 GC heap after
{Heap after GC invocations=1 (full 0):
 garbage-first heap   total 262144K, used 1435K [0x0000000700000000, 0x0000000800000000)
  region size 1024K, 2 young (2048K), 2 survivors (2048K)
 Metaspace       used 9143K, capacity 9365K, committed 9600K, reserved 1058816K
  class space    used 808K, capacity 889K, committed 896K, reserved 1048576K
}
Event: 14.028 GC heap before
{Heap before GC invocations=1 (full 0):
 garbage-first heap   total 262144K, used 156059K [0x0000000700000000, 0x0000000800000000)
  region size 1024K, 153 young (156672K), 2 survivors (2048K)
 Metaspace       used 18543K, capacity 19019K, committed 19328K, reserved 1067008K
  class space    used 1856K, capacity 2050K, committed 2176K, reserved 1048576K
}
Event: 14.034 GC heap after
{Heap after GC invocations=2 (full 0):
 garbage-first heap   total 262144K, used 5120K [0x0000000700000000, 0x0000000800000000)
  region size 1024K, 5 young (5120K), 5 survivors (5120K)
 Metaspace       used 18543K, capacity 19019K, committed 19328K, reserved 1067008K
  class space    used 1856K, capacity 2050K, committed 2176K, reserved 1048576K
}
Event: 18.059 GC heap before
{Heap before GC invocations=2 (full 0):
 garbage-first heap   total 262144K, used 156672K [0x0000000700000000, 0x0000000800000000)
  region size 1024K, 153 young (156672K), 5 survivors (5120K)
 Metaspace       used 18714K, capacity 19216K, committed 19584K, reserved 1067008K
  class space    used 1856K, capacity 2050K, committed 2176K, reserved 1048576K
}
Event: 18.062 GC heap after
{Heap after GC invocations=3 (full 0):
 garbage-first heap   total 262144K, used 5616K [0x0000000700000000, 0x0000000800000000)
  region size 1024K, 6 young (6144K), 6 survivors (6144K)
 Metaspace       used 18714K, capacity 19216K, committed 19584K, reserved 1067008K
  class space    used 1856K, capacity 2050K, committed 2176K, reserved 1048576K
}
Event: 18.417 GC heap before
{Heap before GC invocations=3 (full 0):
 garbage-first heap   total 262144K, used 156144K [0x0000000700000000, 0x0000000800000000)
  region size 1024K, 153 young (156672K), 6 survivors (6144K)
 Metaspace       used 18758K, capacity 19216K, committed 19584K, reserved 1067008K
  class space    used 1856K, capacity 2050K, committed 2176K, reserved 1048576K
}
Event: 18.420 GC heap after
{Heap after GC invocations=4 (full 0):
 garbage-first heap   total 262144K, used 6144K [0x0000000700000000, 0x0000000800000000)
  region size 1024K, 6 young (6144K), 6 survivors (6144K)
 Metaspace       used 18758K, capacity 19216K, committed 19584K, reserved 1067008K
  class space    used 1856K, capacity 2050K, committed 2176K, reserved 1048576K
}
Event: 18.779 GC heap before
{Heap before GC invocations=4 (full 0):
 garbage-first heap   total 262144K, used 156672K [0x0000000700000000, 0x0000000800000000)
  region size 1024K, 153 young (156672K), 6 survivors (6144K)
 Metaspace       used 18787K, capacity 19280K, committed 19584K, reserved 1067008K
  class space    used 1856K, capacity 2050K, committed 2176K, reserved 1048576K
}
Event: 18.784 GC heap after
{Heap after GC invocations=5 (full 0):
 garbage-first heap   total 262144K, used 6023K [0x0000000700000000, 0x0000000800000000)
  region size 1024K, 6 young (6144K), 6 survivors (6144K)
 Metaspace       used 18787K, capacity 19280K, committed 19584K, reserved 1067008K
  class space    used 1856K, capacity 2050K, committed 2176K, reserved 1048576K
}

