# JRE version: OpenJDK Runtime Environment AdoptOpenJDK (11.0.10+9) (build 11.0.10+9)
# Java VM: OpenJDK 64-Bit Server VM AdoptOpenJDK (11.0.10+9, mixed mode, tiered, compressed oops, g1 gc, bsd-amd64)
Heap:
 garbage-first heap   total 262144K, used 93285K [0x0000000700000000, 0x0000000800000000)
  region size 1024K, 88 young (90112K), 1 survivors (1024K)
 Metaspace       used 19264K, capacity 19744K, committed 19840K, reserved 1067008K
  class space    used 1893K, capacity 2101K, committed 2176K, reserved 1048576K
GC Heap History (20 events):
Event: 15.520 GC heap before
{Heap before GC invocations=45 (full 0):
 garbage-first heap   total 262144K, used 160827K [0x0000000700000000, 0x0000000800000000)
  region size 1024K, 153 young (156672K), 1 survivors (1024K)
 Metaspace       used 18842K, capacity 19272K, committed 19456K, reserved 1067008K
  class space    used 1832K, capacity 2008K, committed 2048K, reserved 1048576K
}
Event: 15.520 GC heap after
{Heap after GC invocations=46 (full 0):
 garbage-first heap   total 262144K, used 5189K [0x0000000700000000, 0x0000000800000000)
  region size 1024K, 1 young (1024K), 1 survivors (1024K)
 Metaspace       used 18842K, capacity 19272K, committed 19456K, reserved 1067008K
  class space    used 1832K, capacity 2008K, committed 2048K, reserved 1048576K
}
Event: 15.629 GC heap before
{Heap before GC invocations=46 (full 0):
 garbage-first heap   total 262144K, used 160837K [0x0000000700000000, 0x0000000800000000)
  region size 1024K, 153 young (156672K), 1 survivors (1024K)
 Metaspace       used 18842K, capacity 19272K, committed 19456K, reserved 1067008K
  class space    used 1832K, capacity 2008K, committed 2048K, reserved 1048576K
}
Event: 15.629 GC heap after
{Heap after GC invocations=47 (full 0):
 garbage-first heap   total 262144K, used 5192K [0x0000000700000000, 0x0000000800000000)
  region size 1024K, 1 young (1024K), 1 survivors (1024K)
 Metaspace       used 18842K, capacity 19272K, committed 19456K, reserved 1067008K
  class space    used 1832K, capacity 2008K, committed 2048K, reserved 1048576K
}
Event: 15.734 GC heap before
{Heap before GC invocations=47 (full 0):
 garbage-first heap   total 262144K, used 160840K [0x0000000700000000, 0x0000000800000000)
  region size 1024K, 153 young (156672K), 1 survivors (1024K)
 Metaspace       used 18842K, capacity 19272K, committed 19456K, reserved 1067008K
  class space    used 1832K, capacity 2008K, committed 2048K, reserved 1048576K
}
Event: 15.735 GC heap after
{Heap after GC invocations=48 (full 0):
 garbage-first heap   total 262144K, used 5190K [0x0000000700000000, 0x0000000800000000)
  region size 1024K, 1 young (1024K), 1 survivors (1024K)
 Metaspace       used 18842K, capacity 19272K, committed 19456K, reserved 1067008K
  class space    used 1832K, capacity 2008K, committed 2048K, reserved 1048576K
}
Event: 15.841 GC heap before
{Heap before GC invocations=48 (full 0):
 garbage-first heap   total 262144K, used 160838K [0x0000000700000000, 0x0000000800000000)
  region size 1024K, 153 young (156672K), 1 survivors (1024K)
 Metaspace       used 18842K, capacity 19272K, committed 19456K, reserved 1067008K
  class space    used 1832K, capacity 2008K, committed 2048K, reserved 1048576K
}
Event: 15.842 GC heap after
{Heap after GC invocations=49 (full 0):
 garbage-first heap   total 262144K, used 5192K [0x0000000700000000, 0x0000000800000000)
  region size 1024K, 1 young (1024K), 1 survivors (1024K)
 Metaspace       used 18842K, capacity 19272K, committed 19456K, reserved 1067008K
  class space    used 1832K, capacity 2008K, committed 2048K, reserved 1048576K
}
Event: 15.950 GC heap before
{Heap before GC invocations=49 (full 0):
 garbage-first heap   total 262144K, used 160840K [0x0000000700000000, 0x0000000800000000)
  region size 1024K, 153 young (156672K), 1 survivors (1024K)
 Metaspace       used 18842K, capacity 19272K, committed 19456K, reserved 1067008K
  class space    used 1832K, capacity 2008K, committed 2048K, reserved 1048576K
}
Event: 15.951 GC heap after
{Heap after GC invocations=50 (full 0):
 garbage-first heap   total 262144K, used 5198K [0x0000000700000000, 0x0000000800000000)
  region size 1024K, 1 young (1024K), 1 survivors (1024K)
 Metaspace       used 18842K, capacity 19272K, committed 19456K, reserved 1067008K
  class space    used 1832K, capacity 2008K, committed 2048K, reserved 1048576K
}
Event: 16.054 GC heap before
{Heap before GC invocations=50 (full 0):
 garbage-first heap   total 262144K, used 160846K [0x0000000700000000, 0x0000000800000000)
  region size 1024K, 153 young (156672K), 1 survivors (1024K)
 Metaspace       used 18842K, capacity 19272K, committed 19456K, reserved 1067008K
  class space    used 1832K, capacity 2008K, committed 2048K, reserved 1048576K
}
Event: 16.055 GC heap after
{Heap after GC invocations=51 (full 0):
 garbage-first heap   total 262144K, used 5210K [0x0000000700000000, 0x0000000800000000)
  region size 1024K, 1 young (1024K), 1 survivors (1024K)
 Metaspace       used 18842K, capacity 19272K, committed 19456K, reserved 1067008K
  class space    used 1832K, capacity 2008K, committed 2048K, reserved 1048576K
}
Event: 16.164 GC heap before
{Heap before GC invocations=51 (full 0):
 garbage-first heap   total 262144K, used 160858K [0x0000000700000000, 0x0000000800000000)
  region size 1024K, 153 young (156672K), 1 survivors (1024K)
 Metaspace       used 18842K, capacity 19272K, committed 19456K, reserved 1067008K
  class space    used 1832K, capacity 2008K, committed 2048K, reserved 1048576K
}
Event: 16.165 GC heap after
{Heap after GC invocations=52 (full 0):
 garbage-first heap   total 262144K, used 5209K [0x0000000700000000, 0x0000000800000000)
  region size 1024K, 1 young (1024K), 1 survivors (1024K)
 Metaspace       used 18842K, capacity 19272K, committed 19456K, reserved 1067008K
  class space    used 1832K, capacity 2008K, committed 2048K, reserved 1048576K
}
Event: 16.270 GC heap before
{Heap before GC invocations=52 (full 0):
 garbage-first heap   total 262144K, used 160857K [0x0000000700000000, 0x0000000800000000)
  region size 1024K, 153 young (156672K), 1 survivors (1024K)
 Metaspace       used 18842K, capacity 19272K, committed 19456K, reserved 1067008K
  class space    used 1832K, capacity 2008K, committed 2048K, reserved 1048576K
}
Event: 16.271 GC heap after
{Heap after GC invocations=53 (full 0):
 garbage-first heap   total 262144K, used 5219K [0x0000000700000000, 0x0000000800000000)
  region size 1024K, 1 young (1024K), 1 survivors (1024K)
 Metaspace       used 18842K, capacity 19272K, committed 19456K, reserved 1067008K
  class space    used 1832K, capacity 2008K, committed 2048K, reserved 1048576K
}
Event: 16.381 GC heap before
{Heap before GC invocations=53 (full 0):
 garbage-first heap   total 262144K, used 160867K [0x0000000700000000, 0x0000000800000000)
  region size 1024K, 153 young (156672K), 1 survivors (1024K)
 Metaspace       used 18842K, capacity 19272K, committed 19456K, reserved 1067008K
  class space    used 1832K, capacity 2008K, committed 2048K, reserved 1048576K
}
Event: 16.381 GC heap after
{Heap after GC invocations=54 (full 0):
 garbage-first heap   total 262144K, used 5216K [0x0000000700000000, 0x0000000800000000)
  region size 1024K, 1 young (1024K), 1 survivors (1024K)
 Metaspace       used 18842K, capacity 19272K, committed 19456K, reserved 1067008K
  class space    used 1832K, capacity 2008K, committed 2048K, reserved 1048576K
}
Event: 16.492 GC heap before
{Heap before GC invocations=54 (full 0):
 garbage-first heap   total 262144K, used 160864K [0x0000000700000000, 0x0000000800000000)
  region size 1024K, 153 young (156672K), 1 survivors (1024K)
 Metaspace       used 18842K, capacity 19272K, committed 19456K, reserved 1067008K
  class space    used 1832K, capacity 2008K, committed 2048K, reserved 1048576K
}
Event: 16.492 GC heap after
{Heap after GC invocations=55 (full 0):
 garbage-first heap   total 262144K, used 5221K [0x0000000700000000, 0x0000000800000000)
  region size 1024K, 1 young (1024K), 1 survivors (1024K)
 Metaspace       used 18842K, capacity 19272K, committed 19456K, reserved 1067008K
  class space    used 1832K, capacity 2008K, committed 2048K, reserved 1048576K
}

