# JRE version: OpenJDK Runtime Environment (8.0_275-b01) (build 1.8.0_275-8u275-b01-0ubuntu1~20.04-b01)
# Java VM: OpenJDK 64-Bit Server VM (25.275-b01 mixed mode linux-amd64 compressed oops)
Heap:
 PSYoungGen      total 399360K, used 370010K [0x00000000d8180000, 0x00000000f1000000, 0x0000000100000000)
  eden space 392192K, 94% used [0x00000000d8180000,0x00000000eea3f060,0x00000000f0080000)
  from space 7168K, 8% used [0x00000000f0800000,0x00000000f0897818,0x00000000f0f00000)
  to   space 7680K, 0% used [0x00000000f0080000,0x00000000f0080000,0x00000000f0800000)
 ParOldGen       total 81920K, used 5085K [0x0000000088400000, 0x000000008d400000, 0x00000000d8180000)
  object space 81920K, 6% used [0x0000000088400000,0x00000000888f7700,0x000000008d400000)
 Metaspace       used 12986K, capacity 13228K, committed 13440K, reserved 1060864K
  class space    used 1465K, capacity 1548K, committed 1664K, reserved 1048576K
GC Heap History (10 events):
Event: 20.442 GC heap before
{Heap before GC invocations=6 (full 0):
 PSYoungGen      total 66560K, used 65960K [0x00000000d8180000, 0x00000000e0580000, 0x0000000100000000)
  eden space 61440K, 100% used [0x00000000d8180000,0x00000000dbd80000,0x00000000dbd80000)
  from space 5120K, 88% used [0x00000000dbd80000,0x00000000dc1ea1e8,0x00000000dc280000)
  to   space 6144K, 0% used [0x00000000dff80000,0x00000000dff80000,0x00000000e0580000)
 ParOldGen       total 81920K, used 650K [0x0000000088400000, 0x000000008d400000, 0x00000000d8180000)
  object space 81920K, 0% used [0x0000000088400000,0x00000000884a2ae0,0x000000008d400000)
 Metaspace       used 12532K, capacity 12700K, committed 13056K, reserved 1060864K
  class space    used 1423K, capacity 1498K, committed 1536K, reserved 1048576K
Event: 20.446 GC heap after
Heap after GC invocations=6 (full 0):
 PSYoungGen      total 128000K, used 4502K [0x00000000d8180000, 0x00000000e0480000, 0x0000000100000000)
  eden space 122880K, 0% used [0x00000000d8180000,0x00000000d8180000,0x00000000df980000)
  from space 5120K, 87% used [0x00000000dff80000,0x00000000e03e5b30,0x00000000e0480000)
  to   space 5632K, 0% used [0x00000000df980000,0x00000000df980000,0x00000000dff00000)
 ParOldGen       total 81920K, used 658K [0x0000000088400000, 0x000000008d400000, 0x00000000d8180000)
  object space 81920K, 0% used [0x0000000088400000,0x00000000884a4ae0,0x000000008d400000)
 Metaspace       used 12532K, capacity 12700K, committed 13056K, reserved 1060864K
  class space    used 1423K, capacity 1498K, committed 1536K, reserved 1048576K
}
Event: 20.484 GC heap before
{Heap before GC invocations=7 (full 0):
 PSYoungGen      total 128000K, used 127382K [0x00000000d8180000, 0x00000000e0480000, 0x0000000100000000)
  eden space 122880K, 100% used [0x00000000d8180000,0x00000000df980000,0x00000000df980000)
  from space 5120K, 87% used [0x00000000dff80000,0x00000000e03e5b30,0x00000000e0480000)
  to   space 5632K, 0% used [0x00000000df980000,0x00000000df980000,0x00000000dff00000)
 ParOldGen       total 81920K, used 658K [0x0000000088400000, 0x000000008d400000, 0x00000000d8180000)
  object space 81920K, 0% used [0x0000000088400000,0x00000000884a4ae0,0x000000008d400000)
 Metaspace       used 12536K, capacity 12764K, committed 13056K, reserved 1060864K
  class space    used 1423K, capacity 1498K, committed 1536K, reserved 1048576K
Event: 20.488 GC heap after
Heap after GC invocations=7 (full 0):
 PSYoungGen      total 128512K, used 64K [0x00000000d8180000, 0x00000000e7e80000, 0x0000000100000000)
  eden space 122880K, 0% used [0x00000000d8180000,0x00000000d8180000,0x00000000df980000)
  from space 5632K, 1% used [0x00000000df980000,0x00000000df990000,0x00000000dff00000)
  to   space 6656K, 0% used [0x00000000e7800000,0x00000000e7800000,0x00000000e7e80000)
 ParOldGen       total 81920K, used 5053K [0x0000000088400000, 0x000000008d400000, 0x00000000d8180000)
  object space 81920K, 6% used [0x0000000088400000,0x00000000888ef700,0x000000008d400000)
 Metaspace       used 12536K, capacity 12764K, committed 13056K, reserved 1060864K
  class space    used 1423K, capacity 1498K, committed 1536K, reserved 1048576K
}
Event: 20.507 GC heap before
{Heap before GC invocations=8 (full 0):
 PSYoungGen      total 128512K, used 122944K [0x00000000d8180000, 0x00000000e7e80000, 0x0000000100000000)
  eden space 122880K, 100% used [0x00000000d8180000,0x00000000df980000,0x00000000df980000)
  from space 5632K, 1% used [0x00000000df980000,0x00000000df990000,0x00000000dff00000)
  to   space 6656K, 0% used [0x00000000e7800000,0x00000000e7800000,0x00000000e7e80000)
 ParOldGen       total 81920K, used 5053K [0x0000000088400000, 0x000000008d400000, 0x00000000d8180000)
  object space 81920K, 6% used [0x0000000088400000,0x00000000888ef700,0x000000008d400000)
 Metaspace       used 12536K, capacity 12764K, committed 13056K, reserved 1060864K
  class space    used 1423K, capacity 1498K, committed 1536K, reserved 1048576K
Event: 20.509 GC heap after
Heap after GC invocations=8 (full 0):
 PSYoungGen      total 251904K, used 128K [0x00000000d8180000, 0x00000000e7f80000, 0x0000000100000000)
  eden space 245248K, 0% used [0x00000000d8180000,0x00000000d8180000,0x00000000e7100000)
  from space 6656K, 1% used [0x00000000e7800000,0x00000000e7820000,0x00000000e7e80000)
  to   space 7168K, 0% used [0x00000000e7100000,0x00000000e7100000,0x00000000e7800000)
 ParOldGen       total 81920K, used 5061K [0x0000000088400000, 0x000000008d400000, 0x00000000d8180000)
  object space 81920K, 6% used [0x0000000088400000,0x00000000888f1700,0x000000008d400000)
 Metaspace       used 12536K, capacity 12764K, committed 13056K, reserved 1060864K
  class space    used 1423K, capacity 1498K, committed 1536K, reserved 1048576K
}
Event: 20.719 GC heap before
{Heap before GC invocations=9 (full 0):
 PSYoungGen      total 251904K, used 245376K [0x00000000d8180000, 0x00000000e7f80000, 0x0000000100000000)
  eden space 245248K, 100% used [0x00000000d8180000,0x00000000e7100000,0x00000000e7100000)
  from space 6656K, 1% used [0x00000000e7800000,0x00000000e7820000,0x00000000e7e80000)
  to   space 7168K, 0% used [0x00000000e7100000,0x00000000e7100000,0x00000000e7800000)
 ParOldGen       total 81920K, used 5061K [0x0000000088400000, 0x000000008d400000, 0x00000000d8180000)
  object space 81920K, 6% used [0x0000000088400000,0x00000000888f1700,0x000000008d400000)
 Metaspace       used 12613K, capacity 12828K, committed 13056K, reserved 1060864K
  class space    used 1423K, capacity 1498K, committed 1536K, reserved 1048576K
Event: 20.721 GC heap after
Heap after GC invocations=9 (full 0):
 PSYoungGen      total 252416K, used 406K [0x00000000d8180000, 0x00000000f0f00000, 0x0000000100000000)
  eden space 245248K, 0% used [0x00000000d8180000,0x00000000d8180000,0x00000000e7100000)
  from space 7168K, 5% used [0x00000000e7100000,0x00000000e71659a8,0x00000000e7800000)
  to   space 7168K, 0% used [0x00000000f0800000,0x00000000f0800000,0x00000000f0f00000)
 ParOldGen       total 81920K, used 5077K [0x0000000088400000, 0x000000008d400000, 0x00000000d8180000)
  object space 81920K, 6% used [0x0000000088400000,0x00000000888f5700,0x000000008d400000)
 Metaspace       used 12613K, capacity 12828K, committed 13056K, reserved 1060864K
  class space    used 1423K, capacity 1498K, committed 1536K, reserved 1048576K
}
Event: 20.836 GC heap before
{Heap before GC invocations=10 (full 0):
 PSYoungGen      total 252416K, used 245654K [0x00000000d8180000, 0x00000000f0f00000, 0x0000000100000000)
  eden space 245248K, 100% used [0x00000000d8180000,0x00000000e7100000,0x00000000e7100000)
  from space 7168K, 5% used [0x00000000e7100000,0x00000000e71659a8,0x00000000e7800000)
  to   space 7168K, 0% used [0x00000000f0800000,0x00000000f0800000,0x00000000f0f00000)
 ParOldGen       total 81920K, used 5077K [0x0000000088400000, 0x000000008d400000, 0x00000000d8180000)
  object space 81920K, 6% used [0x0000000088400000,0x00000000888f5700,0x000000008d400000)
 Metaspace       used 12631K, capacity 12828K, committed 13056K, reserved 1060864K
  class space    used 1423K, capacity 1498K, committed 1536K, reserved 1048576K
Event: 20.839 GC heap after
Heap after GC invocations=10 (full 0):
 PSYoungGen      total 399360K, used 606K [0x00000000d8180000, 0x00000000f1000000, 0x0000000100000000)
  eden space 392192K, 0% used [0x00000000d8180000,0x00000000d8180000,0x00000000f0080000)
  from space 7168K, 8% used [0x00000000f0800000,0x00000000f0897818,0x00000000f0f00000)
  to   space 7680K, 0% used [0x00000000f0080000,0x00000000f0080000,0x00000000f0800000)
 ParOldGen       total 81920K, used 5085K [0x0000000088400000, 0x000000008d400000, 0x00000000d8180000)
  object space 81920K, 6% used [0x0000000088400000,0x00000000888f7700,0x000000008d400000)
 Metaspace       used 12631K, capacity 12828K, committed 13056K, reserved 1060864K
  class space    used 1423K, capacity 1498K, committed 1536K, reserved 1048576K
}

