# JRE version: OpenJDK Runtime Environment AdoptOpenJDK (11.0.10+9) (build 11.0.10+9)
# Java VM: OpenJDK 64-Bit Server VM AdoptOpenJDK (11.0.10+9, mixed mode, tiered, compressed oops, g1 gc, bsd-amd64)
Heap:
 garbage-first heap   total 315392K, used 39956K [0x0000000700000000, 0x0000000800000000)
  region size 1024K, 36 young (36864K), 1 survivors (1024K)
 Metaspace       used 18803K, capacity 19298K, committed 19456K, reserved 1067008K
  class space    used 1849K, capacity 2037K, committed 2048K, reserved 1048576K
GC Heap History (20 events):
Event: 10.573 GC heap before
{Heap before GC invocations=36 (full 0):
 garbage-first heap   total 315392K, used 192472K [0x0000000700000000, 0x0000000800000000)
  region size 1024K, 184 young (188416K), 1 survivors (1024K)
 Metaspace       used 18707K, capacity 19144K, committed 19200K, reserved 1067008K
  class space    used 1832K, capacity 2008K, committed 2048K, reserved 1048576K
}
Event: 10.574 GC heap after
{Heap after GC invocations=37 (full 0):
 garbage-first heap   total 315392K, used 5088K [0x0000000700000000, 0x0000000800000000)
  region size 1024K, 1 young (1024K), 1 survivors (1024K)
 Metaspace       used 18707K, capacity 19144K, committed 19200K, reserved 1067008K
  class space    used 1832K, capacity 2008K, committed 2048K, reserved 1048576K
}
Event: 10.750 GC heap before
{Heap before GC invocations=37 (full 0):
 garbage-first heap   total 315392K, used 192480K [0x0000000700000000, 0x0000000800000000)
  region size 1024K, 184 young (188416K), 1 survivors (1024K)
 Metaspace       used 18707K, capacity 19144K, committed 19200K, reserved 1067008K
  class space    used 1832K, capacity 2008K, committed 2048K, reserved 1048576K
}
Event: 10.750 GC heap after
{Heap after GC invocations=38 (full 0):
 garbage-first heap   total 315392K, used 5103K [0x0000000700000000, 0x0000000800000000)
  region size 1024K, 1 young (1024K), 1 survivors (1024K)
 Metaspace       used 18707K, capacity 19144K, committed 19200K, reserved 1067008K
  class space    used 1832K, capacity 2008K, committed 2048K, reserved 1048576K
}
Event: 10.956 GC heap before
{Heap before GC invocations=38 (full 0):
 garbage-first heap   total 315392K, used 192495K [0x0000000700000000, 0x0000000800000000)
  region size 1024K, 184 young (188416K), 1 survivors (1024K)
 Metaspace       used 18707K, capacity 19144K, committed 19200K, reserved 1067008K
  class space    used 1832K, capacity 2008K, committed 2048K, reserved 1048576K
}
Event: 10.957 GC heap after
{Heap after GC invocations=39 (full 0):
 garbage-first heap   total 315392K, used 5099K [0x0000000700000000, 0x0000000800000000)
  region size 1024K, 1 young (1024K), 1 survivors (1024K)
 Metaspace       used 18707K, capacity 19144K, committed 19200K, reserved 1067008K
  class space    used 1832K, capacity 2008K, committed 2048K, reserved 1048576K
}
Event: 11.134 GC heap before
{Heap before GC invocations=39 (full 0):
 garbage-first heap   total 315392K, used 192491K [0x0000000700000000, 0x0000000800000000)
  region size 1024K, 184 young (188416K), 1 survivors (1024K)
 Metaspace       used 18707K, capacity 19144K, committed 19200K, reserved 1067008K
  class space    used 1832K, capacity 2008K, committed 2048K, reserved 1048576K
}
Event: 11.135 GC heap after
{Heap after GC invocations=40 (full 0):
 garbage-first heap   total 315392K, used 5098K [0x0000000700000000, 0x0000000800000000)
  region size 1024K, 1 young (1024K), 1 survivors (1024K)
 Metaspace       used 18707K, capacity 19144K, committed 19200K, reserved 1067008K
  class space    used 1832K, capacity 2008K, committed 2048K, reserved 1048576K
}
Event: 11.313 GC heap before
{Heap before GC invocations=40 (full 0):
 garbage-first heap   total 315392K, used 192490K [0x0000000700000000, 0x0000000800000000)
  region size 1024K, 184 young (188416K), 1 survivors (1024K)
 Metaspace       used 18707K, capacity 19144K, committed 19200K, reserved 1067008K
  class space    used 1832K, capacity 2008K, committed 2048K, reserved 1048576K
}
Event: 11.314 GC heap after
{Heap after GC invocations=41 (full 0):
 garbage-first heap   total 315392K, used 5108K [0x0000000700000000, 0x0000000800000000)
  region size 1024K, 1 young (1024K), 1 survivors (1024K)
 Metaspace       used 18707K, capacity 19144K, committed 19200K, reserved 1067008K
  class space    used 1832K, capacity 2008K, committed 2048K, reserved 1048576K
}
Event: 11.487 GC heap before
{Heap before GC invocations=41 (full 0):
 garbage-first heap   total 315392K, used 192500K [0x0000000700000000, 0x0000000800000000)
  region size 1024K, 184 young (188416K), 1 survivors (1024K)
 Metaspace       used 18707K, capacity 19144K, committed 19200K, reserved 1067008K
  class space    used 1832K, capacity 2008K, committed 2048K, reserved 1048576K
}
Event: 11.487 GC heap after
{Heap after GC invocations=42 (full 0):
 garbage-first heap   total 315392K, used 5117K [0x0000000700000000, 0x0000000800000000)
  region size 1024K, 1 young (1024K), 1 survivors (1024K)
 Metaspace       used 18707K, capacity 19144K, committed 19200K, reserved 1067008K
  class space    used 1832K, capacity 2008K, committed 2048K, reserved 1048576K
}
Event: 11.660 GC heap before
{Heap before GC invocations=42 (full 0):
 garbage-first heap   total 315392K, used 192509K [0x0000000700000000, 0x0000000800000000)
  region size 1024K, 184 young (188416K), 1 survivors (1024K)
 Metaspace       used 18707K, capacity 19144K, committed 19200K, reserved 1067008K
  class space    used 1832K, capacity 2008K, committed 2048K, reserved 1048576K
}
Event: 11.661 GC heap after
{Heap after GC invocations=43 (full 0):
 garbage-first heap   total 315392K, used 5118K [0x0000000700000000, 0x0000000800000000)
  region size 1024K, 1 young (1024K), 1 survivors (1024K)
 Metaspace       used 18707K, capacity 19144K, committed 19200K, reserved 1067008K
  class space    used 1832K, capacity 2008K, committed 2048K, reserved 1048576K
}
Event: 11.833 GC heap before
{Heap before GC invocations=43 (full 0):
 garbage-first heap   total 315392K, used 192510K [0x0000000700000000, 0x0000000800000000)
  region size 1024K, 184 young (188416K), 1 survivors (1024K)
 Metaspace       used 18707K, capacity 19144K, committed 19200K, reserved 1067008K
  class space    used 1832K, capacity 2008K, committed 2048K, reserved 1048576K
}
Event: 11.834 GC heap after
{Heap after GC invocations=44 (full 0):
 garbage-first heap   total 315392K, used 5123K [0x0000000700000000, 0x0000000800000000)
  region size 1024K, 1 young (1024K), 1 survivors (1024K)
 Metaspace       used 18707K, capacity 19144K, committed 19200K, reserved 1067008K
  class space    used 1832K, capacity 2008K, committed 2048K, reserved 1048576K
}
Event: 12.012 GC heap before
{Heap before GC invocations=44 (full 0):
 garbage-first heap   total 315392K, used 192515K [0x0000000700000000, 0x0000000800000000)
  region size 1024K, 184 young (188416K), 1 survivors (1024K)
 Metaspace       used 18707K, capacity 19144K, committed 19200K, reserved 1067008K
  class space    used 1832K, capacity 2008K, committed 2048K, reserved 1048576K
}
Event: 12.012 GC heap after
{Heap after GC invocations=45 (full 0):
 garbage-first heap   total 315392K, used 5130K [0x0000000700000000, 0x0000000800000000)
  region size 1024K, 1 young (1024K), 1 survivors (1024K)
 Metaspace       used 18707K, capacity 19144K, committed 19200K, reserved 1067008K
  class space    used 1832K, capacity 2008K, committed 2048K, reserved 1048576K
}
Event: 12.193 GC heap before
{Heap before GC invocations=45 (full 0):
 garbage-first heap   total 315392K, used 192522K [0x0000000700000000, 0x0000000800000000)
  region size 1024K, 184 young (188416K), 1 survivors (1024K)
 Metaspace       used 18707K, capacity 19144K, committed 19200K, reserved 1067008K
  class space    used 1832K, capacity 2008K, committed 2048K, reserved 1048576K
}
Event: 12.193 GC heap after
{Heap after GC invocations=46 (full 0):
 garbage-first heap   total 315392K, used 5140K [0x0000000700000000, 0x0000000800000000)
  region size 1024K, 1 young (1024K), 1 survivors (1024K)
 Metaspace       used 18707K, capacity 19144K, committed 19200K, reserved 1067008K
  class space    used 1832K, capacity 2008K, committed 2048K, reserved 1048576K
}

