# JRE version: OpenJDK Runtime Environment AdoptOpenJDK (11.0.10+9) (build 11.0.10+9)
# Java VM: OpenJDK 64-Bit Server VM AdoptOpenJDK (11.0.10+9, mixed mode, tiered, compressed oops, g1 gc, bsd-amd64)
Heap:
 garbage-first heap   total 262144K, used 139572K [0x0000000700000000, 0x0000000800000000)
  region size 1024K, 133 young (136192K), 1 survivors (1024K)
 Metaspace       used 19156K, capacity 19654K, committed 19840K, reserved 1067008K
  class space    used 1895K, capacity 2110K, committed 2176K, reserved 1048576K
GC Heap History (20 events):
Event: 501.558 GC heap before
{Heap before GC invocations=45 (full 0):
 garbage-first heap   total 262144K, used 161056K [0x0000000700000000, 0x0000000800000000)
  region size 1024K, 153 young (156672K), 1 survivors (1024K)
 Metaspace       used 18938K, capacity 19350K, committed 19584K, reserved 1067008K
  class space    used 1864K, capacity 2051K, committed 2176K, reserved 1048576K
}
Event: 501.559 GC heap after
{Heap after GC invocations=46 (full 0):
 garbage-first heap   total 262144K, used 5417K [0x0000000700000000, 0x0000000800000000)
  region size 1024K, 1 young (1024K), 1 survivors (1024K)
 Metaspace       used 18938K, capacity 19350K, committed 19584K, reserved 1067008K
  class space    used 1864K, capacity 2051K, committed 2176K, reserved 1048576K
}
Event: 501.646 GC heap before
{Heap before GC invocations=46 (full 0):
 garbage-first heap   total 262144K, used 161065K [0x0000000700000000, 0x0000000800000000)
  region size 1024K, 153 young (156672K), 1 survivors (1024K)
 Metaspace       used 18938K, capacity 19350K, committed 19584K, reserved 1067008K
  class space    used 1864K, capacity 2051K, committed 2176K, reserved 1048576K
}
Event: 501.646 GC heap after
{Heap after GC invocations=47 (full 0):
 garbage-first heap   total 262144K, used 5423K [0x0000000700000000, 0x0000000800000000)
  region size 1024K, 1 young (1024K), 1 survivors (1024K)
 Metaspace       used 18938K, capacity 19350K, committed 19584K, reserved 1067008K
  class space    used 1864K, capacity 2051K, committed 2176K, reserved 1048576K
}
Event: 501.735 GC heap before
{Heap before GC invocations=47 (full 0):
 garbage-first heap   total 262144K, used 161071K [0x0000000700000000, 0x0000000800000000)
  region size 1024K, 153 young (156672K), 1 survivors (1024K)
 Metaspace       used 18938K, capacity 19350K, committed 19584K, reserved 1067008K
  class space    used 1864K, capacity 2051K, committed 2176K, reserved 1048576K
}
Event: 501.736 GC heap after
{Heap after GC invocations=48 (full 0):
 garbage-first heap   total 262144K, used 5433K [0x0000000700000000, 0x0000000800000000)
  region size 1024K, 1 young (1024K), 1 survivors (1024K)
 Metaspace       used 18938K, capacity 19350K, committed 19584K, reserved 1067008K
  class space    used 1864K, capacity 2051K, committed 2176K, reserved 1048576K
}
Event: 501.825 GC heap before
{Heap before GC invocations=48 (full 0):
 garbage-first heap   total 262144K, used 161081K [0x0000000700000000, 0x0000000800000000)
  region size 1024K, 153 young (156672K), 1 survivors (1024K)
 Metaspace       used 18938K, capacity 19350K, committed 19584K, reserved 1067008K
  class space    used 1864K, capacity 2051K, committed 2176K, reserved 1048576K
}
Event: 501.825 GC heap after
{Heap after GC invocations=49 (full 0):
 garbage-first heap   total 262144K, used 5431K [0x0000000700000000, 0x0000000800000000)
  region size 1024K, 1 young (1024K), 1 survivors (1024K)
 Metaspace       used 18938K, capacity 19350K, committed 19584K, reserved 1067008K
  class space    used 1864K, capacity 2051K, committed 2176K, reserved 1048576K
}
Event: 501.915 GC heap before
{Heap before GC invocations=49 (full 0):
 garbage-first heap   total 262144K, used 161079K [0x0000000700000000, 0x0000000800000000)
  region size 1024K, 153 young (156672K), 1 survivors (1024K)
 Metaspace       used 18938K, capacity 19350K, committed 19584K, reserved 1067008K
  class space    used 1864K, capacity 2051K, committed 2176K, reserved 1048576K
}
Event: 501.915 GC heap after
{Heap after GC invocations=50 (full 0):
 garbage-first heap   total 262144K, used 5429K [0x0000000700000000, 0x0000000800000000)
  region size 1024K, 1 young (1024K), 1 survivors (1024K)
 Metaspace       used 18938K, capacity 19350K, committed 19584K, reserved 1067008K
  class space    used 1864K, capacity 2051K, committed 2176K, reserved 1048576K
}
Event: 502.020 GC heap before
{Heap before GC invocations=50 (full 0):
 garbage-first heap   total 262144K, used 161077K [0x0000000700000000, 0x0000000800000000)
  region size 1024K, 153 young (156672K), 1 survivors (1024K)
 Metaspace       used 18938K, capacity 19350K, committed 19584K, reserved 1067008K
  class space    used 1864K, capacity 2051K, committed 2176K, reserved 1048576K
}
Event: 502.020 GC heap after
{Heap after GC invocations=51 (full 0):
 garbage-first heap   total 262144K, used 5430K [0x0000000700000000, 0x0000000800000000)
  region size 1024K, 1 young (1024K), 1 survivors (1024K)
 Metaspace       used 18938K, capacity 19350K, committed 19584K, reserved 1067008K
  class space    used 1864K, capacity 2051K, committed 2176K, reserved 1048576K
}
Event: 502.108 GC heap before
{Heap before GC invocations=51 (full 0):
 garbage-first heap   total 262144K, used 161078K [0x0000000700000000, 0x0000000800000000)
  region size 1024K, 153 young (156672K), 1 survivors (1024K)
 Metaspace       used 18938K, capacity 19350K, committed 19584K, reserved 1067008K
  class space    used 1864K, capacity 2051K, committed 2176K, reserved 1048576K
}
Event: 502.109 GC heap after
{Heap after GC invocations=52 (full 0):
 garbage-first heap   total 262144K, used 5429K [0x0000000700000000, 0x0000000800000000)
  region size 1024K, 1 young (1024K), 1 survivors (1024K)
 Metaspace       used 18938K, capacity 19350K, committed 19584K, reserved 1067008K
  class space    used 1864K, capacity 2051K, committed 2176K, reserved 1048576K
}
Event: 502.196 GC heap before
{Heap before GC invocations=52 (full 0):
 garbage-first heap   total 262144K, used 161077K [0x0000000700000000, 0x0000000800000000)
  region size 1024K, 153 young (156672K), 1 survivors (1024K)
 Metaspace       used 18938K, capacity 19350K, committed 19584K, reserved 1067008K
  class space    used 1864K, capacity 2051K, committed 2176K, reserved 1048576K
}
Event: 502.197 GC heap after
{Heap after GC invocations=53 (full 0):
 garbage-first heap   total 262144K, used 5428K [0x0000000700000000, 0x0000000800000000)
  region size 1024K, 1 young (1024K), 1 survivors (1024K)
 Metaspace       used 18938K, capacity 19350K, committed 19584K, reserved 1067008K
  class space    used 1864K, capacity 2051K, committed 2176K, reserved 1048576K
}
Event: 502.288 GC heap before
{Heap before GC invocations=53 (full 0):
 garbage-first heap   total 262144K, used 161076K [0x0000000700000000, 0x0000000800000000)
  region size 1024K, 153 young (156672K), 1 survivors (1024K)
 Metaspace       used 18938K, capacity 19350K, committed 19584K, reserved 1067008K
  class space    used 1864K, capacity 2051K, committed 2176K, reserved 1048576K
}
Event: 502.288 GC heap after
{Heap after GC invocations=54 (full 0):
 garbage-first heap   total 262144K, used 5429K [0x0000000700000000, 0x0000000800000000)
  region size 1024K, 1 young (1024K), 1 survivors (1024K)
 Metaspace       used 18938K, capacity 19350K, committed 19584K, reserved 1067008K
  class space    used 1864K, capacity 2051K, committed 2176K, reserved 1048576K
}
Event: 502.380 GC heap before
{Heap before GC invocations=54 (full 0):
 garbage-first heap   total 262144K, used 161077K [0x0000000700000000, 0x0000000800000000)
  region size 1024K, 153 young (156672K), 1 survivors (1024K)
 Metaspace       used 18938K, capacity 19350K, committed 19584K, reserved 1067008K
  class space    used 1864K, capacity 2051K, committed 2176K, reserved 1048576K
}
Event: 502.380 GC heap after
{Heap after GC invocations=55 (full 0):
 garbage-first heap   total 262144K, used 5428K [0x0000000700000000, 0x0000000800000000)
  region size 1024K, 1 young (1024K), 1 survivors (1024K)
 Metaspace       used 18938K, capacity 19350K, committed 19584K, reserved 1067008K
  class space    used 1864K, capacity 2051K, committed 2176K, reserved 1048576K
}

